19:42:47.150 INFO Test execution started: demo_test
19:42:47.152 INFO Browser: chrome
19:42:47.154 INFO Environment: testenv
19:42:47.156 INFO Using data:
    user_name: second_user_for_demo
    url: http://automationpractice.com/index.php?controller=authentication&back=my-account
19:42:47.160 INFO Store value 'http://automationpractice.com/index.php?controller=authentication&back=my-account' in key 'url'
19:42:47.165 INFO Store value 'golem_demo_2@mailinator.com' in key 'login_name'
19:42:47.166 INFO Store value 'Volo2020' in key 'user_pass'
19:42:47.167 INFO Store value 'sGolem Demo' in key 'account_name'
19:42:47.167 INFO Test started: test
19:42:47.169 INFO _____________Navigation_______________
19:42:47.170 INFO Navigate to: 'http://automationpractice.com/index.php?controller=authentication&back=my-account'
19:42:53.022 INFO _____________Sign in_______________
19:42:53.023 INFO Wait for element ('xpath', './/*[@id="email"]', 'Email address input') to be present
19:42:53.075 INFO Write 'golem_demo_2@mailinator.com' in element Email address input
19:42:53.520 INFO Wait for element ('xpath', './/*[@id="passwd"]', 'Password input input') to be present
19:42:53.647 INFO Write 'Volo2020' in element Password input input
19:42:53.785 INFO Wait for element ('xpath', './/*[@id="SubmitLogin"]', 'Sign in button') to be present
19:42:53.868 INFO Click Sign in button
19:42:56.735 INFO _____________Assert account name_______________
19:42:56.764 INFO Assert element Account name text is 'isdhkfhlblbf'
19:42:56.800 ERROR AssertionError: expected element Account name text to be 'isdhkfhlblbf' but was 'sGolem Demo'
Traceback (most recent call last):
  File "c:\users\dell\appdata\local\programs\python\python38\lib\site-packages\golem\test_runner\test_runner.py", line 202, in run_test_function
    f(execution.data)
  File "C:\Users\Dell\OneDrive\Рабочий стол\UIAutomation_ARM-main\projects\demo_project\tests\demo_test.py", line 26, in test
    account.assert_account_name('isdhkfhlblbf')
  File "C:\Users\Dell\OneDrive\Рабочий стол\UIAutomation_ARM-main\projects\demo_project\pages\account.py", line 9, in assert_account_name
    actions.assert_element_text(account_name_span, name)
  File "c:\users\dell\appdata\local\programs\python\python38\lib\site-packages\golem\actions.py", line 560, in assert_element_text
    assert element.text == text, msg
AssertionError: expected element Account name text to be 'isdhkfhlblbf' but was 'sGolem Demo'
19:42:57.032 INFO Test Result: FAILURE
19:42:57.035 INFO _____________Sing out and check_______________
19:42:57.067 INFO Click Logout button
19:43:00.630 INFO Wait for element ('xpath', './/*[@id="SubmitLogin"]', 'Sign in button') to be present
