2021-12-07 10:31:40,468 root INFO Test execution started: demo_test
2021-12-07 10:31:40,468 root INFO Browser: chrome
2021-12-07 10:31:40,469 root INFO Environment: testenv
2021-12-07 10:31:40,469 root INFO Using data:
    url: http://automationpractice.com/index.php?controller=authentication&back=my-account
2021-12-07 10:31:40,474 root INFO Store value 'http://automationpractice.com/index.php?controller=authentication&back=my-account' in key 'url'
2021-12-07 10:31:40,474 root INFO Store value 'golem_demo@mailinator.com' in key 'login_name'
2021-12-07 10:31:40,475 root INFO Store value 'Volo2020' in key 'user_pass'
2021-12-07 10:31:40,475 root INFO Store value 'Golem Demo' in key 'account_name'
2021-12-07 10:31:40,476 root INFO Test started: test
2021-12-07 10:31:40,477 root INFO _____________Navigation_______________
2021-12-07 10:31:40,477 root INFO Navigate to: 'http://automationpractice.com/index.php?controller=authentication&back=my-account'
2021-12-07 10:31:41,006 selenium.webdriver.remote.remote_connection DEBUG POST http://127.0.0.1:60136/session {"capabilities": {"firstMatch": [{}], "alwaysMatch": {"browserName": "chrome", "platformName": "any", "goog:chromeOptions": {"extensions": [], "args": ["start-maximized"]}}}, "desiredCapabilities": {"browserName": "chrome", "version": "", "platform": "ANY", "goog:chromeOptions": {"extensions": [], "args": ["start-maximized"]}}}
2021-12-07 10:31:41,007 urllib3.connectionpool DEBUG Starting new HTTP connection (1): 127.0.0.1:60136
2021-12-07 10:31:41,845 urllib3.connectionpool DEBUG http://127.0.0.1:60136 "POST /session HTTP/1.1" 200 793
2021-12-07 10:31:41,846 selenium.webdriver.remote.remote_connection DEBUG Finished Request
2021-12-07 10:31:41,846 selenium.webdriver.remote.remote_connection DEBUG POST http://127.0.0.1:60136/session/79db82afb1a7ace6df8da40ccda84863/window/maximize {}
2021-12-07 10:31:41,851 urllib3.connectionpool DEBUG http://127.0.0.1:60136 "POST /session/79db82afb1a7ace6df8da40ccda84863/window/maximize HTTP/1.1" 200 52
2021-12-07 10:31:41,851 selenium.webdriver.remote.remote_connection DEBUG Finished Request
2021-12-07 10:31:41,851 selenium.webdriver.remote.remote_connection DEBUG POST http://127.0.0.1:60136/session/79db82afb1a7ace6df8da40ccda84863/url {"url": "http://automationpractice.com/index.php?controller=authentication&back=my-account"}
2021-12-07 10:31:42,281 urllib3.connectionpool DEBUG http://127.0.0.1:60136 "POST /session/79db82afb1a7ace6df8da40ccda84863/url HTTP/1.1" 200 14
2021-12-07 10:31:42,282 selenium.webdriver.remote.remote_connection DEBUG Finished Request
2021-12-07 10:31:42,282 root INFO _____________Sign in_______________
2021-12-07 10:31:42,282 root INFO Wait for element ('xpath', './/*[@id="email"]', 'Email address input') to be present
2021-12-07 10:31:42,283 selenium.webdriver.remote.remote_connection DEBUG POST http://127.0.0.1:60136/session/79db82afb1a7ace6df8da40ccda84863/element {"using": "xpath", "value": ".//*[@id=\"email\"]"}
2021-12-07 10:31:42,296 urllib3.connectionpool DEBUG http://127.0.0.1:60136 "POST /session/79db82afb1a7ace6df8da40ccda84863/element HTTP/1.1" 404 1027
2021-12-07 10:31:42,296 selenium.webdriver.remote.remote_connection DEBUG Finished Request
2021-12-07 10:31:42,796 root DEBUG Element not found yet, remaining time: 4.49
2021-12-07 10:31:42,796 selenium.webdriver.remote.remote_connection DEBUG POST http://127.0.0.1:60136/session/79db82afb1a7ace6df8da40ccda84863/element {"using": "xpath", "value": ".//*[@id=\"email\"]"}
2021-12-07 10:31:42,803 urllib3.connectionpool DEBUG http://127.0.0.1:60136 "POST /session/79db82afb1a7ace6df8da40ccda84863/element HTTP/1.1" 404 1027
2021-12-07 10:31:42,803 selenium.webdriver.remote.remote_connection DEBUG Finished Request
2021-12-07 10:31:43,317 root DEBUG Element not found yet, remaining time: 3.97
2021-12-07 10:31:43,317 selenium.webdriver.remote.remote_connection DEBUG POST http://127.0.0.1:60136/session/79db82afb1a7ace6df8da40ccda84863/element {"using": "xpath", "value": ".//*[@id=\"email\"]"}
2021-12-07 10:31:43,323 urllib3.connectionpool DEBUG http://127.0.0.1:60136 "POST /session/79db82afb1a7ace6df8da40ccda84863/element HTTP/1.1" 404 1027
2021-12-07 10:31:43,324 selenium.webdriver.remote.remote_connection DEBUG Finished Request
2021-12-07 10:31:43,825 root DEBUG Element not found yet, remaining time: 3.46
2021-12-07 10:31:43,825 selenium.webdriver.remote.remote_connection DEBUG POST http://127.0.0.1:60136/session/79db82afb1a7ace6df8da40ccda84863/element {"using": "xpath", "value": ".//*[@id=\"email\"]"}
2021-12-07 10:31:43,832 urllib3.connectionpool DEBUG http://127.0.0.1:60136 "POST /session/79db82afb1a7ace6df8da40ccda84863/element HTTP/1.1" 404 1027
2021-12-07 10:31:43,833 selenium.webdriver.remote.remote_connection DEBUG Finished Request
2021-12-07 10:31:44,335 root DEBUG Element not found yet, remaining time: 2.95
2021-12-07 10:31:44,335 selenium.webdriver.remote.remote_connection DEBUG POST http://127.0.0.1:60136/session/79db82afb1a7ace6df8da40ccda84863/element {"using": "xpath", "value": ".//*[@id=\"email\"]"}
2021-12-07 10:31:44,343 urllib3.connectionpool DEBUG http://127.0.0.1:60136 "POST /session/79db82afb1a7ace6df8da40ccda84863/element HTTP/1.1" 404 1027
2021-12-07 10:31:44,344 selenium.webdriver.remote.remote_connection DEBUG Finished Request
2021-12-07 10:31:44,858 root DEBUG Element not found yet, remaining time: 2.42
2021-12-07 10:31:44,858 selenium.webdriver.remote.remote_connection DEBUG POST http://127.0.0.1:60136/session/79db82afb1a7ace6df8da40ccda84863/element {"using": "xpath", "value": ".//*[@id=\"email\"]"}
2021-12-07 10:31:44,865 urllib3.connectionpool DEBUG http://127.0.0.1:60136 "POST /session/79db82afb1a7ace6df8da40ccda84863/element HTTP/1.1" 404 1027
2021-12-07 10:31:44,865 selenium.webdriver.remote.remote_connection DEBUG Finished Request
2021-12-07 10:31:45,372 root DEBUG Element not found yet, remaining time: 1.91
2021-12-07 10:31:45,372 selenium.webdriver.remote.remote_connection DEBUG POST http://127.0.0.1:60136/session/79db82afb1a7ace6df8da40ccda84863/element {"using": "xpath", "value": ".//*[@id=\"email\"]"}
2021-12-07 10:31:45,379 urllib3.connectionpool DEBUG http://127.0.0.1:60136 "POST /session/79db82afb1a7ace6df8da40ccda84863/element HTTP/1.1" 404 1027
2021-12-07 10:31:45,379 selenium.webdriver.remote.remote_connection DEBUG Finished Request
2021-12-07 10:31:45,881 root DEBUG Element not found yet, remaining time: 1.40
2021-12-07 10:31:45,881 selenium.webdriver.remote.remote_connection DEBUG POST http://127.0.0.1:60136/session/79db82afb1a7ace6df8da40ccda84863/element {"using": "xpath", "value": ".//*[@id=\"email\"]"}
2021-12-07 10:31:45,889 urllib3.connectionpool DEBUG http://127.0.0.1:60136 "POST /session/79db82afb1a7ace6df8da40ccda84863/element HTTP/1.1" 404 1027
2021-12-07 10:31:45,890 selenium.webdriver.remote.remote_connection DEBUG Finished Request
2021-12-07 10:31:46,397 root DEBUG Element not found yet, remaining time: 0.89
2021-12-07 10:31:46,397 selenium.webdriver.remote.remote_connection DEBUG POST http://127.0.0.1:60136/session/79db82afb1a7ace6df8da40ccda84863/element {"using": "xpath", "value": ".//*[@id=\"email\"]"}
2021-12-07 10:31:46,407 urllib3.connectionpool DEBUG http://127.0.0.1:60136 "POST /session/79db82afb1a7ace6df8da40ccda84863/element HTTP/1.1" 404 1027
2021-12-07 10:31:46,407 selenium.webdriver.remote.remote_connection DEBUG Finished Request
2021-12-07 10:31:46,908 root DEBUG Element not found yet, remaining time: 0.37
2021-12-07 10:31:46,908 selenium.webdriver.remote.remote_connection DEBUG POST http://127.0.0.1:60136/session/79db82afb1a7ace6df8da40ccda84863/element {"using": "xpath", "value": ".//*[@id=\"email\"]"}
2021-12-07 10:31:46,915 urllib3.connectionpool DEBUG http://127.0.0.1:60136 "POST /session/79db82afb1a7ace6df8da40ccda84863/element HTTP/1.1" 404 1027
2021-12-07 10:31:46,915 selenium.webdriver.remote.remote_connection DEBUG Finished Request
2021-12-07 10:31:47,421 root DEBUG Element not found yet, remaining time: -0.14
2021-12-07 10:31:47,421 selenium.webdriver.remote.remote_connection DEBUG POST http://127.0.0.1:60136/session/79db82afb1a7ace6df8da40ccda84863/element {"using": "xpath", "value": ".//*[@id=\"email\"]"}
2021-12-07 10:31:47,428 urllib3.connectionpool DEBUG http://127.0.0.1:60136 "POST /session/79db82afb1a7ace6df8da40ccda84863/element HTTP/1.1" 404 1027
2021-12-07 10:31:47,428 selenium.webdriver.remote.remote_connection DEBUG Finished Request
2021-12-07 10:31:47,482 root ERROR TimeoutException: Message: timeout waiting for element ('xpath', './/*[@id="email"]', 'Email address input') to be present

Traceback (most recent call last):
  File "d:\demo_golem\env\lib\site-packages\golem\webdriver\extended_driver.py", line 422, in wait_for_element_present
    self.find(element, timeout=timeout, wait_displayed=False)
  File "d:\demo_golem\env\lib\site-packages\golem\webdriver\extended_driver.py", line 178, in find
    xpath, tag_name, timeout, wait_displayed, highlight)
  File "d:\demo_golem\env\lib\site-packages\golem\webdriver\common.py", line 131, in _find
    timeout, wait_displayed, highlight)
  File "d:\demo_golem\env\lib\site-packages\golem\webdriver\common.py", line 47, in _find_webelement
    .format(element_name, selector_type, selector_value))
golem.core.exceptions.ElementNotFound: Element Email address input not found using selector xpath:'.//*[@id="email"]'

During handling of the above exception, another exception occurred:

Traceback (most recent call last):
  File "d:\demo_golem\env\lib\site-packages\golem\test_runner\test_runner.py", line 202, in run_test_function
    f(execution.data)
  File "D:\demo_golem\lesson11\projects\demo_project\tests\demo_test.py", line 24, in test
    sign_in.login_as_a_user_by_name_and_pass(data.login_name, data.user_pass)
  File "D:\demo_golem\lesson11\projects\demo_project\pages\sign_in.py", line 9, in login_as_a_user_by_name_and_pass
    actions.wait_for_element_present(email_address_input, 5)
  File "d:\demo_golem\env\lib\site-packages\golem\actions.py", line 2569, in wait_for_element_present
    get_browser().wait_for_element_present(element, timeout)
  File "d:\demo_golem\env\lib\site-packages\golem\webdriver\extended_driver.py", line 426, in wait_for_element_present
    raise TimeoutException(message)
selenium.common.exceptions.TimeoutException: Message: timeout waiting for element ('xpath', './/*[@id="email"]', 'Email address input') to be present
2021-12-07 10:31:47,485 selenium.webdriver.remote.remote_connection DEBUG GET http://127.0.0.1:60136/session/79db82afb1a7ace6df8da40ccda84863/screenshot {}
2021-12-07 10:31:47,699 urllib3.connectionpool DEBUG http://127.0.0.1:60136 "GET /session/79db82afb1a7ace6df8da40ccda84863/screenshot HTTP/1.1" 200 24004
2021-12-07 10:31:47,699 selenium.webdriver.remote.remote_connection DEBUG Finished Request
2021-12-07 10:31:47,700 root INFO Test Result: CODE ERROR
2021-12-07 10:31:47,703 root INFO _____________Sing out and check_______________
2021-12-07 10:31:47,703 selenium.webdriver.remote.remote_connection DEBUG POST http://127.0.0.1:60136/session/79db82afb1a7ace6df8da40ccda84863/element {"using": "xpath", "value": ".//*[@class=\"logout\"]"}
2021-12-07 10:31:47,714 urllib3.connectionpool DEBUG http://127.0.0.1:60136 "POST /session/79db82afb1a7ace6df8da40ccda84863/element HTTP/1.1" 404 1031
2021-12-07 10:31:47,714 selenium.webdriver.remote.remote_connection DEBUG Finished Request
2021-12-07 10:31:47,714 selenium.webdriver.remote.remote_connection DEBUG DELETE http://127.0.0.1:60136/session/79db82afb1a7ace6df8da40ccda84863 {}
2021-12-07 10:31:48,063 urllib3.connectionpool DEBUG http://127.0.0.1:60136 "DELETE /session/79db82afb1a7ace6df8da40ccda84863 HTTP/1.1" 200 14
2021-12-07 10:31:48,063 selenium.webdriver.remote.remote_connection DEBUG Finished Request
