{
    "tests": [
        {
            "test_file": "demo_test",
            "test": "test",
            "set_name": "",
            "environment": "testenv",
            "result": "failure",
            "description": "\n \n",
            "browser": "chrome",
            "test_data": {
                "env": "{'url': 'http://automationpractice.com/index.php?controller=authentication&back=my-account', 'users': {'user_for_demo': {'user_login': 'golem_demo@mailinator.com', 'user_pswd': 'Volo2020', 'user_name': 'Golem Demo'}, 'second_user_for_demo': {'user_login': 'golem_demo_2@mailinator.com', 'user_pswd': 'Volo2020', 'user_name': 'sGolem Demo'}}, 'name': 'testenv'}",
                "url": "'http://automationpractice.com/index.php?controller=authentication&back=my-account'",
                "login_name": "'golem_demo@mailinator.com'",
                "user_pass": "'Volo2020'",
                "account_name": "'Golem Demo'"
            },
            "steps": [
                {
                    "message": "_____________Navigation_______________",
                    "screenshot": null,
                    "error": null
                },
                {
                    "message": "Navigate to: 'http://automationpractice.com/index.php?controller=authentication&back=my-account'",
                    "screenshot": null,
                    "error": null
                },
                {
                    "message": "_____________Sign in_______________",
                    "screenshot": null,
                    "error": null
                },
                {
                    "message": "Wait for element ('xpath', './/*[@id=\"email\"]', 'Email address input') to be present",
                    "screenshot": null,
                    "error": null
                },
                {
                    "message": "Write 'golem_demo@mailinator.com' in element Email address input",
                    "screenshot": null,
                    "error": null
                },
                {
                    "message": "Wait for element ('xpath', './/*[@id=\"passwd\"]', 'Password input input') to be present",
                    "screenshot": null,
                    "error": null
                },
                {
                    "message": "Write 'Volo2020' in element Password input input",
                    "screenshot": null,
                    "error": null
                },
                {
                    "message": "Wait for element ('xpath', './/*[@id=\"SubmitLogin\"]', 'Sign in button') to be present",
                    "screenshot": null,
                    "error": null
                },
                {
                    "message": "Click Sign in button",
                    "screenshot": null,
                    "error": null
                },
                {
                    "message": "_____________Assert account name_______________",
                    "screenshot": null,
                    "error": null
                },
                {
                    "message": "Assert element Account name text is 'aaa'",
                    "screenshot": null,
                    "error": null
                },
                {
                    "message": "Failure",
                    "screenshot": "Failure_0c893.png",
                    "error": {
                        "message": "AssertionError: expected element Account name text to be 'aaa' but was 'Golem Demo'",
                        "description": "Traceback (most recent call last):\n  File \"d:\\demo_golem\\env\\lib\\site-packages\\golem\\test_runner\\test_runner.py\", line 202, in run_test_function\n    f(execution.data)\n  File \"D:\\demo_golem\\lesson10\\projects\\demo_project\\tests\\demo_test.py\", line 28, in test\n    account.assert_account_name('aaa')\n  File \"D:\\demo_golem\\lesson10\\projects\\demo_project\\pages\\account.py\", line 9, in assert_account_name\n    actions.assert_element_text(account_name_span, name)\n  File \"d:\\demo_golem\\env\\lib\\site-packages\\golem\\actions.py\", line 560, in assert_element_text\n    assert element.text == text, msg\nAssertionError: expected element Account name text to be 'aaa' but was 'Golem Demo'"
                    }
                }
            ],
            "errors": [
                {
                    "message": "AssertionError: expected element Account name text to be 'aaa' but was 'Golem Demo'",
                    "description": "Traceback (most recent call last):\n  File \"d:\\demo_golem\\env\\lib\\site-packages\\golem\\test_runner\\test_runner.py\", line 202, in run_test_function\n    f(execution.data)\n  File \"D:\\demo_golem\\lesson10\\projects\\demo_project\\tests\\demo_test.py\", line 28, in test\n    account.assert_account_name('aaa')\n  File \"D:\\demo_golem\\lesson10\\projects\\demo_project\\pages\\account.py\", line 9, in assert_account_name\n    actions.assert_element_text(account_name_span, name)\n  File \"d:\\demo_golem\\env\\lib\\site-packages\\golem\\actions.py\", line 560, in assert_element_text\n    assert element.text == text, msg\nAssertionError: expected element Account name text to be 'aaa' but was 'Golem Demo'"
                }
            ],
            "elapsed_time": 9.16,
            "timestamp": "2021.12.06.13.43.52.973"
        }
    ],
    "params": {
        "browsers": [
            {
                "name": "chrome",
                "capabilities": {}
            }
        ],
        "processes": 1,
        "environments": [
            "testenv"
        ],
        "tags": [],
        "remote_url": ""
    },
    "total_tests": 1,
    "totals_by_result": {
        "failure": 1
    },
    "net_elapsed_time": 14.63,
    "has_finished": true
}